[2015-09-23 10:28:08 [ERROR]] Failed to find the WRITE-DATE of tmpl/hello.tmpl:
                                No such file or directory
Backtrace for: #<SB-THREAD:THREAD "hunchentoot-worker-127.0.0.1:60884" RUNNING {1005B4DCA3}>
0: ((LAMBDA NIL :IN SB-DEBUG::FUNCALL-WITH-DEBUG-IO-SYNTAX))
1: (SB-IMPL::CALL-WITH-SANE-IO-SYNTAX #<CLOSURE (LAMBDA NIL :IN SB-DEBUG::FUNCALL-WITH-DEBUG-IO-SYNTAX) {1005F9FA2B}>)
2: (SB-IMPL::%WITH-STANDARD-IO-SYNTAX #<CLOSURE (LAMBDA NIL :IN SB-DEBUG::FUNCALL-WITH-DEBUG-IO-SYNTAX) {1005F9F9FB}>)
3: (PRINT-BACKTRACE :STREAM #<SB-IMPL::STRING-OUTPUT-STREAM {1005F9F933}> :START 0 :FROM :DEBUGGER-FRAME :COUNT 4611686018427387903 :PRINT-THREAD T :PRINT-FRAME-SOURCE NIL :METHOD-FRAME-STYLE NIL)
4: (TRIVIAL-BACKTRACE:PRINT-BACKTRACE-TO-STREAM #<SB-IMPL::STRING-OUTPUT-STREAM {1005F9F933}>)
5: (HUNCHENTOOT::GET-BACKTRACE)
6: ((FLET #:LAMBDA1063 :IN HUNCHENTOOT:HANDLE-REQUEST) #<SB-INT:SIMPLE-FILE-ERROR "~@<~?: ~2I~_~A~:>" {1005E4F293}>)
7: (SIGNAL #<SB-INT:SIMPLE-FILE-ERROR "~@<~?: ~2I~_~A~:>" {1005E4F293}>)
8: (ERROR SB-INT:SIMPLE-FILE-ERROR :PATHNAME #P"tmpl/hello.tmpl" :FORMAT-CONTROL "~@<~?: ~2I~_~A~:>" :FORMAT-ARGUMENTS ("Failed to find the WRITE-DATE of ~A" (#P"tmpl/hello.tmpl") "No such file or directory"))
9: (SB-IMPL::SIMPLE-FILE-PERROR "Failed to find the WRITE-DATE of ~A" #P"tmpl/hello.tmpl" 2)
10: ((FLET SB-IMPL::FAIL :IN SB-IMPL::QUERY-FILE-SYSTEM) "Failed to find the WRITE-DATE of ~A" #P"tmpl/hello.tmpl" 2)
11: (SB-IMPL::QUERY-FILE-SYSTEM #P"tmpl/hello.tmpl" :WRITE-DATE T)
12: (FILE-WRITE-DATE #P"tmpl/hello.tmpl")
13: ((:METHOD HTML-TEMPLATE:CREATE-TEMPLATE-PRINTER (PATHNAME)) #P"tmpl/hello.tmpl" :FORCE NIL :ELEMENT-TYPE CHARACTER :IF-DOES-NOT-EXIST :ERROR :EXTERNAL-FORMAT NIL) [fast-method]
14: ((:METHOD HTML-TEMPLATE:FILL-AND-PRINT-TEMPLATE (PATHNAME T)) #P"tmpl/hello.tmpl" (:NAME "Vito") #<unavailable &REST argument> :STREAM #<unused argument>) [fast-method]
15: ((:METHOD HUNCHENTOOT:HANDLE-REQUEST (HUNCHENTOOT:ACCEPTOR HUNCHENTOOT:REQUEST)) #<HUNCHENTOOT:EASY-ACCEPTOR (host *, port 5000)> #<HUNCHENTOOT:REQUEST {1005C6ABA3}>) [fast-method]
16: ((:METHOD HUNCHENTOOT:PROCESS-REQUEST (T)) #<HUNCHENTOOT:REQUEST {1005C6ABA3}>) [fast-method]
17: (HUNCHENTOOT::DO-WITH-ACCEPTOR-REQUEST-COUNT-INCREMENTED #<HUNCHENTOOT:EASY-ACCEPTOR (host *, port 5000)> #<CLOSURE (LAMBDA NIL :IN HUNCHENTOOT:PROCESS-CONNECTION) {1005C69EAB}>)
18: ((:METHOD HUNCHENTOOT:PROCESS-CONNECTION (HUNCHENTOOT:ACCEPTOR T)) #<HUNCHENTOOT:EASY-ACCEPTOR (host *, port 5000)> #<USOCKET:STREAM-USOCKET {1005B4CBA3}>) [fast-method]
19: ((:METHOD HUNCHENTOOT:PROCESS-CONNECTION :AROUND (HUNCHENTOOT:ACCEPTOR T)) #<HUNCHENTOOT:EASY-ACCEPTOR (host *, port 5000)> #<USOCKET:STREAM-USOCKET {1005B4CBA3}>) [fast-method]
20: ((FLET HUNCHENTOOT::PROCESS-CONNECTION% :IN HUNCHENTOOT::HANDLE-INCOMING-CONNECTION%) #<HUNCHENTOOT:EASY-ACCEPTOR (host *, port 5000)> #<USOCKET:STREAM-USOCKET {1005B4CBA3}>)
21: ((LAMBDA NIL :IN BORDEAUX-THREADS::BINDING-DEFAULT-SPECIALS))
22: ((FLET #:WITHOUT-INTERRUPTS-BODY-1226 :IN SB-THREAD::INITIAL-THREAD-FUNCTION-TRAMPOLINE))
23: ((FLET SB-THREAD::WITH-MUTEX-THUNK :IN SB-THREAD::INITIAL-THREAD-FUNCTION-TRAMPOLINE))
24: ((FLET #:WITHOUT-INTERRUPTS-BODY-660 :IN SB-THREAD::CALL-WITH-MUTEX))
25: (SB-THREAD::CALL-WITH-MUTEX #<CLOSURE (FLET SB-THREAD::WITH-MUTEX-THUNK :IN SB-THREAD::INITIAL-THREAD-FUNCTION-TRAMPOLINE) {7FFFF4A16C9B}> #<SB-THREAD:MUTEX "thread result lock" owner: #<SB-THREAD:THREAD "hunchentoot-worker-127.0.0.1:60884" RUNNING {1005B4DCA3}>> NIL T NIL)
26: (SB-THREAD::INITIAL-THREAD-FUNCTION-TRAMPOLINE #<SB-THREAD:THREAD "hunchentoot-worker-127.0.0.1:60884" RUNNING {1005B4DCA3}> #S(SB-THREAD:SEMAPHORE :NAME "Thread setup semaphore" :%COUNT 0 :WAITCOUNT 0 :MUTEX #<SB-THREAD:MUTEX (free) {1005B4DD13}> :QUEUE #<SB-THREAD:WAITQUEUE  {1005B4DD43}>) #<CLOSURE (LAMBDA NIL :IN BORDEAUX-THREADS::BINDING-DEFAULT-SPECIALS) {1005B4DC2B}> NIL NIL NIL NIL)
27: ("foreign function: call_into_lisp")
28: ("foreign function: new_thread_trampoline")

[2015-09-23 10:28:20 [ERROR]] Failed to find the WRITE-DATE of tmpl/hello.tmpl:
                                No such file or directory
Backtrace for: #<SB-THREAD:THREAD "hunchentoot-worker-127.0.0.1:60884" RUNNING {1005B4DCA3}>
0: ((LAMBDA NIL :IN SB-DEBUG::FUNCALL-WITH-DEBUG-IO-SYNTAX))
1: (SB-IMPL::CALL-WITH-SANE-IO-SYNTAX #<CLOSURE (LAMBDA NIL :IN SB-DEBUG::FUNCALL-WITH-DEBUG-IO-SYNTAX) {100607B90B}>)
2: (SB-IMPL::%WITH-STANDARD-IO-SYNTAX #<CLOSURE (LAMBDA NIL :IN SB-DEBUG::FUNCALL-WITH-DEBUG-IO-SYNTAX) {100607B8DB}>)
3: (PRINT-BACKTRACE :STREAM #<SB-IMPL::STRING-OUTPUT-STREAM {100607B813}> :START 0 :FROM :DEBUGGER-FRAME :COUNT 4611686018427387903 :PRINT-THREAD T :PRINT-FRAME-SOURCE NIL :METHOD-FRAME-STYLE NIL)
4: (TRIVIAL-BACKTRACE:PRINT-BACKTRACE-TO-STREAM #<SB-IMPL::STRING-OUTPUT-STREAM {100607B813}>)
5: (HUNCHENTOOT::GET-BACKTRACE)
6: ((FLET #:LAMBDA1063 :IN HUNCHENTOOT:HANDLE-REQUEST) #<SB-INT:SIMPLE-FILE-ERROR "~@<~?: ~2I~_~A~:>" {100607B6D3}>)
7: (SIGNAL #<SB-INT:SIMPLE-FILE-ERROR "~@<~?: ~2I~_~A~:>" {100607B6D3}>)
8: (ERROR SB-INT:SIMPLE-FILE-ERROR :PATHNAME #P"tmpl/hello.tmpl" :FORMAT-CONTROL "~@<~?: ~2I~_~A~:>" :FORMAT-ARGUMENTS ("Failed to find the WRITE-DATE of ~A" (#P"tmpl/hello.tmpl") "No such file or directory"))
9: (SB-IMPL::SIMPLE-FILE-PERROR "Failed to find the WRITE-DATE of ~A" #P"tmpl/hello.tmpl" 2)
10: ((FLET SB-IMPL::FAIL :IN SB-IMPL::QUERY-FILE-SYSTEM) "Failed to find the WRITE-DATE of ~A" #P"tmpl/hello.tmpl" 2)
11: (SB-IMPL::QUERY-FILE-SYSTEM #P"tmpl/hello.tmpl" :WRITE-DATE T)
12: (FILE-WRITE-DATE #P"tmpl/hello.tmpl")
13: ((:METHOD HTML-TEMPLATE:CREATE-TEMPLATE-PRINTER (PATHNAME)) #P"tmpl/hello.tmpl" :FORCE NIL :ELEMENT-TYPE CHARACTER :IF-DOES-NOT-EXIST :ERROR :EXTERNAL-FORMAT NIL) [fast-method]
14: ((:METHOD HTML-TEMPLATE:FILL-AND-PRINT-TEMPLATE (PATHNAME T)) #P"tmpl/hello.tmpl" (:NAME "Vito") #<unavailable &REST argument> :STREAM #<unused argument>) [fast-method]
15: ((:METHOD HUNCHENTOOT:HANDLE-REQUEST (HUNCHENTOOT:ACCEPTOR HUNCHENTOOT:REQUEST)) #<HUNCHENTOOT:EASY-ACCEPTOR (host *, port 5000)> #<HUNCHENTOOT:REQUEST {1006079583}>) [fast-method]
16: ((:METHOD HUNCHENTOOT:PROCESS-REQUEST (T)) #<HUNCHENTOOT:REQUEST {1006079583}>) [fast-method]
17: (HUNCHENTOOT::DO-WITH-ACCEPTOR-REQUEST-COUNT-INCREMENTED #<HUNCHENTOOT:EASY-ACCEPTOR (host *, port 5000)> #<CLOSURE (LAMBDA NIL :IN HUNCHENTOOT:PROCESS-CONNECTION) {100607888B}>)
18: ((:METHOD HUNCHENTOOT:PROCESS-CONNECTION (HUNCHENTOOT:ACCEPTOR T)) #<HUNCHENTOOT:EASY-ACCEPTOR (host *, port 5000)> #<USOCKET:STREAM-USOCKET {1005B4CBA3}>) [fast-method]
19: ((:METHOD HUNCHENTOOT:PROCESS-CONNECTION :AROUND (HUNCHENTOOT:ACCEPTOR T)) #<HUNCHENTOOT:EASY-ACCEPTOR (host *, port 5000)> #<USOCKET:STREAM-USOCKET {1005B4CBA3}>) [fast-method]
20: ((FLET HUNCHENTOOT::PROCESS-CONNECTION% :IN HUNCHENTOOT::HANDLE-INCOMING-CONNECTION%) #<HUNCHENTOOT:EASY-ACCEPTOR (host *, port 5000)> #<USOCKET:STREAM-USOCKET {1005B4CBA3}>)
21: ((LAMBDA NIL :IN BORDEAUX-THREADS::BINDING-DEFAULT-SPECIALS))
22: ((FLET #:WITHOUT-INTERRUPTS-BODY-1226 :IN SB-THREAD::INITIAL-THREAD-FUNCTION-TRAMPOLINE))
23: ((FLET SB-THREAD::WITH-MUTEX-THUNK :IN SB-THREAD::INITIAL-THREAD-FUNCTION-TRAMPOLINE))
24: ((FLET #:WITHOUT-INTERRUPTS-BODY-660 :IN SB-THREAD::CALL-WITH-MUTEX))
25: (SB-THREAD::CALL-WITH-MUTEX #<CLOSURE (FLET SB-THREAD::WITH-MUTEX-THUNK :IN SB-THREAD::INITIAL-THREAD-FUNCTION-TRAMPOLINE) {7FFFF4A16C9B}> #<SB-THREAD:MUTEX "thread result lock" owner: #<SB-THREAD:THREAD "hunchentoot-worker-127.0.0.1:60884" RUNNING {1005B4DCA3}>> NIL T NIL)
26: (SB-THREAD::INITIAL-THREAD-FUNCTION-TRAMPOLINE #<SB-THREAD:THREAD "hunchentoot-worker-127.0.0.1:60884" RUNNING {1005B4DCA3}> #S(SB-THREAD:SEMAPHORE :NAME "Thread setup semaphore" :%COUNT 0 :WAITCOUNT 0 :MUTEX #<SB-THREAD:MUTEX (free) {1005B4DD13}> :QUEUE #<SB-THREAD:WAITQUEUE  {1005B4DD43}>) #<CLOSURE (LAMBDA NIL :IN BORDEAUX-THREADS::BINDING-DEFAULT-SPECIALS) {1005B4DC2B}> NIL NIL NIL NIL)
27: ("foreign function: call_into_lisp")
28: ("foreign function: new_thread_trampoline")

[2015-09-23 10:28:26 [WARNING]] Warning while processing connection: New template printer for #P"tmpl/hello.tmpl" created
[2015-09-23 10:28:50 [WARNING]] Warning while processing connection: New template printer for #P"tmpl/hello.tmpl" created
[2015-09-23 10:30:26 [WARNING]] Warning while processing connection: New template printer for #P"tmpl/hello.tmpl" created
[2015-09-23 10:35:38 [WARNING]] Warning while processing connection: New template printer for #P"tmpl/hello.tmpl" created
[2015-09-23 10:36:00 [WARNING]] Warning while processing connection: New template printer for #P"tmpl/hello.tmpl" created
[2015-09-23 10:36:08 [WARNING]] Warning while processing connection: New template printer for #P"tmpl/hello.tmpl" created
[2015-09-23 10:36:13 [WARNING]] Warning while processing connection: New template printer for #P"tmpl/hello.tmpl" created
[2015-09-23 10:36:35 [WARNING]] Warning while processing connection: New template printer for #P"tmpl/hello.tmpl" created
[2015-09-23 10:36:47 [WARNING]] Warning while processing connection: New template printer for #P"tmpl/hello.tmpl" created
[2015-09-23 10:39:47 [ERROR]] Failed to find the WRITE-DATE of head.tmpl:
                                No such file or directory
Backtrace for: #<SB-THREAD:THREAD "hunchentoot-worker-127.0.0.1:60923" RUNNING {1007336683}>
0: ((LAMBDA NIL :IN SB-DEBUG::FUNCALL-WITH-DEBUG-IO-SYNTAX))
1: (SB-IMPL::CALL-WITH-SANE-IO-SYNTAX #<CLOSURE (LAMBDA NIL :IN SB-DEBUG::FUNCALL-WITH-DEBUG-IO-SYNTAX) {1007448FAB}>)
2: (SB-IMPL::%WITH-STANDARD-IO-SYNTAX #<CLOSURE (LAMBDA NIL :IN SB-DEBUG::FUNCALL-WITH-DEBUG-IO-SYNTAX) {1007448F7B}>)
3: (PRINT-BACKTRACE :STREAM #<SB-IMPL::STRING-OUTPUT-STREAM {1007448EB3}> :START 0 :FROM :DEBUGGER-FRAME :COUNT 4611686018427387903 :PRINT-THREAD T :PRINT-FRAME-SOURCE NIL :METHOD-FRAME-STYLE NIL)
4: (TRIVIAL-BACKTRACE:PRINT-BACKTRACE-TO-STREAM #<SB-IMPL::STRING-OUTPUT-STREAM {1007448EB3}>)
5: (HUNCHENTOOT::GET-BACKTRACE)
6: ((FLET #:LAMBDA1063 :IN HUNCHENTOOT:HANDLE-REQUEST) #<SB-INT:SIMPLE-FILE-ERROR "~@<~?: ~2I~_~A~:>" {1007448D73}>)
7: (SIGNAL #<SB-INT:SIMPLE-FILE-ERROR "~@<~?: ~2I~_~A~:>" {1007448D73}>)
8: (ERROR SB-INT:SIMPLE-FILE-ERROR :PATHNAME #P"head.tmpl" :FORMAT-CONTROL "~@<~?: ~2I~_~A~:>" :FORMAT-ARGUMENTS ("Failed to find the WRITE-DATE of ~A" (#P"head.tmpl") "No such file or directory"))
9: (SB-IMPL::SIMPLE-FILE-PERROR "Failed to find the WRITE-DATE of ~A" #P"head.tmpl" 2)
10: ((FLET SB-IMPL::FAIL :IN SB-IMPL::QUERY-FILE-SYSTEM) "Failed to find the WRITE-DATE of ~A" #P"head.tmpl" 2)
11: (SB-IMPL::QUERY-FILE-SYSTEM #P"head.tmpl" :WRITE-DATE T)
12: (FILE-WRITE-DATE #P"head.tmpl")
13: ((:METHOD HTML-TEMPLATE:CREATE-TEMPLATE-PRINTER (PATHNAME)) #P"head.tmpl" :FORCE NIL :ELEMENT-TYPE CHARACTER :IF-DOES-NOT-EXIST :ERROR :EXTERNAL-FORMAT NIL) [fast-method]
14: (HTML-TEMPLATE::CREATE-TEMPLATE-PRINTER-AUX NIL NIL)
15: (HTML-TEMPLATE::%CREATE-TEMPLATE-PRINTER-AUX NIL NIL)
16: ((:METHOD HTML-TEMPLATE:CREATE-TEMPLATE-PRINTER (PATHNAME)) #P"tmpl/customer.tmpl" :FORCE NIL :ELEMENT-TYPE CHARACTER :IF-DOES-NOT-EXIST :ERROR :EXTERNAL-FORMAT NIL) [fast-method]
17: ((:METHOD HTML-TEMPLATE:FILL-AND-PRINT-TEMPLATE (PATHNAME T)) #P"tmpl/customer.tmpl" NIL #<unavailable &REST argument> :STREAM #<unused argument>) [fast-method]
18: (UNCLE-JAY::CONTROLLER-CUSTOMER)
19: ((:METHOD HUNCHENTOOT:HANDLE-REQUEST (HUNCHENTOOT:ACCEPTOR HUNCHENTOOT:REQUEST)) #<HUNCHENTOOT:EASY-ACCEPTOR (host *, port 5000)> #<HUNCHENTOOT:REQUEST {1007444A93}>) [fast-method]
20: ((:METHOD HUNCHENTOOT:PROCESS-REQUEST (T)) #<HUNCHENTOOT:REQUEST {1007444A93}>) [fast-method]
21: (HUNCHENTOOT::DO-WITH-ACCEPTOR-REQUEST-COUNT-INCREMENTED #<HUNCHENTOOT:EASY-ACCEPTOR (host *, port 5000)> #<CLOSURE (LAMBDA NIL :IN HUNCHENTOOT:PROCESS-CONNECTION) {1007443D9B}>)
22: ((:METHOD HUNCHENTOOT:PROCESS-CONNECTION (HUNCHENTOOT:ACCEPTOR T)) #<HUNCHENTOOT:EASY-ACCEPTOR (host *, port 5000)> #<USOCKET:STREAM-USOCKET {1007335583}>) [fast-method]
23: ((:METHOD HUNCHENTOOT:PROCESS-CONNECTION :AROUND (HUNCHENTOOT:ACCEPTOR T)) #<HUNCHENTOOT:EASY-ACCEPTOR (host *, port 5000)> #<USOCKET:STREAM-USOCKET {1007335583}>) [fast-method]
24: ((FLET HUNCHENTOOT::PROCESS-CONNECTION% :IN HUNCHENTOOT::HANDLE-INCOMING-CONNECTION%) #<HUNCHENTOOT:EASY-ACCEPTOR (host *, port 5000)> #<USOCKET:STREAM-USOCKET {1007335583}>)
25: ((LAMBDA NIL :IN BORDEAUX-THREADS::BINDING-DEFAULT-SPECIALS))
26: ((FLET #:WITHOUT-INTERRUPTS-BODY-1226 :IN SB-THREAD::INITIAL-THREAD-FUNCTION-TRAMPOLINE))
27: ((FLET SB-THREAD::WITH-MUTEX-THUNK :IN SB-THREAD::INITIAL-THREAD-FUNCTION-TRAMPOLINE))
28: ((FLET #:WITHOUT-INTERRUPTS-BODY-660 :IN SB-THREAD::CALL-WITH-MUTEX))
29: (SB-THREAD::CALL-WITH-MUTEX #<CLOSURE (FLET SB-THREAD::WITH-MUTEX-THUNK :IN SB-THREAD::INITIAL-THREAD-FUNCTION-TRAMPOLINE) {7FFFEFDAEC9B}> #<SB-THREAD:MUTEX "thread result lock" owner: #<SB-THREAD:THREAD "hunchentoot-worker-127.0.0.1:60923" RUNNING {1007336683}>> NIL T NIL)
30: (SB-THREAD::INITIAL-THREAD-FUNCTION-TRAMPOLINE #<SB-THREAD:THREAD "hunchentoot-worker-127.0.0.1:60923" RUNNING {1007336683}> #S(SB-THREAD:SEMAPHORE :NAME "Thread setup semaphore" :%COUNT 0 :WAITCOUNT 0 :MUTEX #<SB-THREAD:MUTEX (free) {10073366F3}> :QUEUE #<SB-THREAD:WAITQUEUE  {1007336723}>) #<CLOSURE (LAMBDA NIL :IN BORDEAUX-THREADS::BINDING-DEFAULT-SPECIALS) {100733660B}> NIL NIL NIL NIL)
31: ("foreign function: call_into_lisp")
32: ("foreign function: new_thread_trampoline")

[2015-09-23 10:40:00 [WARNING]] Warning while processing connection: New template printer for #P"tmpl/head.tmpl" created
[2015-09-23 10:40:00 [WARNING]] Warning while processing connection: New template printer for #P"tmpl/foot.tmpl" created
[2015-09-23 10:40:00 [WARNING]] Warning while processing connection: New template printer for #P"tmpl/customer.tmpl" created
[2015-09-23 10:44:12 [WARNING]] Warning while processing connection: New template printer for #P"tmpl/head.tmpl" created
[2015-09-23 10:44:12 [WARNING]] Warning while processing connection: New template printer for #P"tmpl/customer.tmpl" created
[2015-09-23 10:47:07 [WARNING]] Warning while processing connection: New template printer for #P"tmpl/head.tmpl" created
[2015-09-23 10:47:07 [WARNING]] Warning while processing connection: New template printer for #P"tmpl/foot.tmpl" created
[2015-09-23 10:47:07 [WARNING]] Warning while processing connection: New template printer for #P"tmpl/customer.tmpl" created
[2015-09-23 10:50:11 [WARNING]] Warning while processing connection: New template printer for #P"tmpl/head.tmpl" created
[2015-09-23 10:50:11 [WARNING]] Warning while processing connection: New template printer for #P"tmpl/foot.tmpl" created
[2015-09-23 10:50:11 [WARNING]] Warning while processing connection: New template printer for #P"tmpl/customer.tmpl" created
[2015-09-23 10:50:12 [WARNING]] Warning while processing connection: New template printer for #P"tmpl/head.tmpl" created
[2015-09-23 10:50:12 [WARNING]] Warning while processing connection: New template printer for #P"tmpl/foot.tmpl" created
[2015-09-23 10:50:12 [WARNING]] Warning while processing connection: New template printer for #P"tmpl/customer.tmpl" created
[2015-09-23 10:50:27 [WARNING]] Warning while processing connection: New template printer for #P"tmpl/head.tmpl" created
[2015-09-23 10:50:27 [WARNING]] Warning while processing connection: New template printer for #P"tmpl/foot.tmpl" created
[2015-09-23 10:50:27 [WARNING]] Warning while processing connection: New template printer for #P"tmpl/customer.tmpl" created
[2015-09-23 10:50:30 [WARNING]] Warning while processing connection: New template printer for #P"tmpl/hello.tmpl" created
[2015-09-23 10:50:32 [WARNING]] Warning while processing connection: New template printer for #P"tmpl/head.tmpl" created
[2015-09-23 10:50:32 [WARNING]] Warning while processing connection: New template printer for #P"tmpl/foot.tmpl" created
[2015-09-23 10:50:32 [WARNING]] Warning while processing connection: New template printer for #P"tmpl/customer.tmpl" created
[2015-09-23 10:50:42 [WARNING]] Warning while processing connection: New template printer for #P"tmpl/head.tmpl" created
[2015-09-23 10:50:42 [WARNING]] Warning while processing connection: New template printer for #P"tmpl/foot.tmpl" created
[2015-09-23 10:50:42 [WARNING]] Warning while processing connection: New template printer for #P"tmpl/customer.tmpl" created
[2015-09-23 10:50:45 [WARNING]] Warning while processing connection: New template printer for #P"tmpl/head.tmpl" created
[2015-09-23 10:50:45 [WARNING]] Warning while processing connection: New template printer for #P"tmpl/foot.tmpl" created
[2015-09-23 10:50:45 [WARNING]] Warning while processing connection: New template printer for #P"tmpl/customer.tmpl" created
[2015-09-23 10:51:59 [WARNING]] Warning while processing connection: New template printer for #P"tmpl/head.tmpl" created
[2015-09-23 10:51:59 [WARNING]] Warning while processing connection: New template printer for #P"tmpl/foot.tmpl" created
[2015-09-23 10:51:59 [WARNING]] Warning while processing connection: New template printer for #P"tmpl/customer.tmpl" created
[2015-09-23 10:51:59 [WARNING]] Warning while processing connection: New template printer for #P"tmpl/head.tmpl" created
[2015-09-23 10:51:59 [WARNING]] Warning while processing connection: New template printer for #P"tmpl/foot.tmpl" created
[2015-09-23 10:51:59 [WARNING]] Warning while processing connection: New template printer for #P"tmpl/customer.tmpl" created
[2015-09-23 10:52:13 [WARNING]] Warning while processing connection: New template printer for #P"tmpl/head.tmpl" created
[2015-09-23 10:52:13 [WARNING]] Warning while processing connection: New template printer for #P"tmpl/foot.tmpl" created
[2015-09-23 10:52:13 [WARNING]] Warning while processing connection: New template printer for #P"tmpl/customer.tmpl" created
[2015-09-23 10:52:34 [WARNING]] Warning while processing connection: New template printer for #P"tmpl/head.tmpl" created
[2015-09-23 10:52:34 [WARNING]] Warning while processing connection: New template printer for #P"tmpl/foot.tmpl" created
[2015-09-23 10:52:34 [WARNING]] Warning while processing connection: New template printer for #P"tmpl/customer.tmpl" created
[2015-09-23 10:52:35 [WARNING]] Warning while processing connection: New template printer for #P"tmpl/head.tmpl" created
[2015-09-23 10:52:35 [WARNING]] Warning while processing connection: New template printer for #P"tmpl/foot.tmpl" created
[2015-09-23 10:52:35 [WARNING]] Warning while processing connection: New template printer for #P"tmpl/customer.tmpl" created
[2015-09-23 10:52:54 [WARNING]] Warning while processing connection: New template printer for #P"tmpl/head.tmpl" created
[2015-09-23 10:52:54 [WARNING]] Warning while processing connection: New template printer for #P"tmpl/foot.tmpl" created
[2015-09-23 10:52:54 [WARNING]] Warning while processing connection: New template printer for #P"tmpl/customer.tmpl" created
[2015-09-23 10:53:13 [WARNING]] Warning while processing connection: New template printer for #P"tmpl/head.tmpl" created
[2015-09-23 10:53:13 [WARNING]] Warning while processing connection: New template printer for #P"tmpl/foot.tmpl" created
[2015-09-23 10:53:13 [WARNING]] Warning while processing connection: New template printer for #P"tmpl/customer.tmpl" created
[2015-09-23 10:53:56 [WARNING]] Warning while processing connection: New template printer for #P"tmpl/head.tmpl" created
[2015-09-23 10:53:56 [WARNING]] Warning while processing connection: New template printer for #P"tmpl/foot.tmpl" created
[2015-09-23 10:53:56 [WARNING]] Warning while processing connection: New template printer for #P"tmpl/customer.tmpl" created
[2015-09-23 10:54:24 [WARNING]] Warning while processing connection: New template printer for #P"tmpl/head.tmpl" created
[2015-09-23 10:54:24 [WARNING]] Warning while processing connection: New template printer for #P"tmpl/foot.tmpl" created
[2015-09-23 10:54:24 [WARNING]] Warning while processing connection: New template printer for #P"tmpl/customer.tmpl" created
[2015-09-23 10:54:25 [WARNING]] Warning while processing connection: New template printer for #P"tmpl/head.tmpl" created
[2015-09-23 10:54:25 [WARNING]] Warning while processing connection: New template printer for #P"tmpl/foot.tmpl" created
[2015-09-23 10:54:25 [WARNING]] Warning while processing connection: New template printer for #P"tmpl/customer.tmpl" created
[2015-09-23 10:54:56 [WARNING]] Warning while processing connection: New template printer for #P"tmpl/head.tmpl" created
[2015-09-23 10:54:56 [WARNING]] Warning while processing connection: New template printer for #P"tmpl/foot.tmpl" created
[2015-09-23 10:54:56 [WARNING]] Warning while processing connection: New template printer for #P"tmpl/customer.tmpl" created
[2015-09-23 10:55:23 [WARNING]] Warning while processing connection: New template printer for #P"tmpl/head.tmpl" created
[2015-09-23 10:55:23 [WARNING]] Warning while processing connection: New template printer for #P"tmpl/foot.tmpl" created
[2015-09-23 10:55:23 [WARNING]] Warning while processing connection: New template printer for #P"tmpl/customer.tmpl" created
[2015-09-23 10:55:56 [WARNING]] Warning while processing connection: New template printer for #P"tmpl/head.tmpl" created
[2015-09-23 10:55:56 [WARNING]] Warning while processing connection: New template printer for #P"tmpl/foot.tmpl" created
[2015-09-23 10:55:56 [WARNING]] Warning while processing connection: New template printer for #P"tmpl/customer.tmpl" created
[2015-09-23 10:56:02 [WARNING]] Warning while processing connection: New template printer for #P"tmpl/head.tmpl" created
[2015-09-23 10:56:02 [WARNING]] Warning while processing connection: New template printer for #P"tmpl/foot.tmpl" created
[2015-09-23 10:56:02 [WARNING]] Warning while processing connection: New template printer for #P"tmpl/customer.tmpl" created
[2015-09-23 10:56:03 [WARNING]] Warning while processing connection: New template printer for #P"tmpl/head.tmpl" created
[2015-09-23 10:56:03 [WARNING]] Warning while processing connection: New template printer for #P"tmpl/foot.tmpl" created
[2015-09-23 10:56:03 [WARNING]] Warning while processing connection: New template printer for #P"tmpl/customer.tmpl" created
[2015-09-23 10:56:04 [WARNING]] Warning while processing connection: New template printer for #P"tmpl/head.tmpl" created
[2015-09-23 10:56:04 [WARNING]] Warning while processing connection: New template printer for #P"tmpl/foot.tmpl" created
[2015-09-23 10:56:04 [WARNING]] Warning while processing connection: New template printer for #P"tmpl/customer.tmpl" created
[2015-09-23 10:56:28 [WARNING]] Warning while processing connection: New template printer for #P"tmpl/head.tmpl" created
[2015-09-23 10:56:28 [WARNING]] Warning while processing connection: New template printer for #P"tmpl/foot.tmpl" created
[2015-09-23 10:56:28 [WARNING]] Warning while processing connection: New template printer for #P"tmpl/customer.tmpl" created
[2015-09-23 10:56:48 [WARNING]] Warning while processing connection: New template printer for #P"tmpl/head.tmpl" created
[2015-09-23 10:56:48 [WARNING]] Warning while processing connection: New template printer for #P"tmpl/foot.tmpl" created
[2015-09-23 10:56:48 [WARNING]] Warning while processing connection: New template printer for #P"tmpl/customer.tmpl" created
[2015-09-23 10:58:46 [WARNING]] Warning while processing connection: New template printer for #P"tmpl/head.tmpl" created
[2015-09-23 10:58:46 [WARNING]] Warning while processing connection: New template printer for #P"tmpl/foot.tmpl" created
[2015-09-23 10:58:46 [WARNING]] Warning while processing connection: New template printer for #P"tmpl/customer.tmpl" created
[2015-09-23 11:02:30 [WARNING]] Warning while processing connection: New template printer for #P"tmpl/head.tmpl" created
[2015-09-23 11:02:30 [WARNING]] Warning while processing connection: New template printer for #P"tmpl/foot.tmpl" created
[2015-09-23 11:02:30 [WARNING]] Warning while processing connection: New template printer for #P"tmpl/customer.tmpl" created
[2015-09-23 11:02:30 [ERROR]] The value QUOTE is not of type LIST.
Backtrace for: #<SB-THREAD:THREAD "hunchentoot-worker-127.0.0.1:60982" RUNNING {1005889063}>
0: (GETF QUOTE :CID) [optional]
1: ((LAMBDA (SYMBOL VALUES &OPTIONAL HTML-TEMPLATE::IN-LOOP-P) :IN "/home/vito/quicklisp/dists/quicklisp/software/html-template-0.9.2/specials.lisp") :CID QUOTE NIL)
2: ((LAMBDA (VALUES) :IN HTML-TEMPLATE::CREATE-VAR-PRINTER) QUOTE)
3: ((LAMBDA (VALUES) :IN HTML-TEMPLATE::CREATE-LOOP-PRINTER) (:CUSTOMER "fuck" :ROWS (QUOTE ((:CID "MLG" :NAME "Maskdjw Klisdjw Ltd." :BALANCE 1922) (QUOTE (:CID "MLG" :NAME "Maskdjw Klisdjw Ltd." :BALANCE 1922))))))
4: ((:METHOD HTML-TEMPLATE:FILL-AND-PRINT-TEMPLATE (PATHNAME T)) #P"tmpl/customer.tmpl" (:CUSTOMER "fuck" :ROWS (QUOTE ((:CID "MLG" :NAME "Maskdjw Klisdjw Ltd." :BALANCE 1922) (QUOTE (:CID "MLG" :NAME "Maskdjw Klisdjw Ltd." :BALANCE 1922))))) #<unavailable &REST argument> :STREAM #<unused argument>) [fast-method]
5: (UNCLE-JAY::CONTROLLER-CUSTOMER)
6: ((:METHOD HUNCHENTOOT:HANDLE-REQUEST (HUNCHENTOOT:ACCEPTOR HUNCHENTOOT:REQUEST)) #<HUNCHENTOOT:EASY-ACCEPTOR (host *, port 5000)> #<HUNCHENTOOT:REQUEST {10058E4FF3}>) [fast-method]
7: ((:METHOD HUNCHENTOOT:PROCESS-REQUEST (T)) #<HUNCHENTOOT:REQUEST {10058E4FF3}>) [fast-method]
8: (HUNCHENTOOT::DO-WITH-ACCEPTOR-REQUEST-COUNT-INCREMENTED #<HUNCHENTOOT:EASY-ACCEPTOR (host *, port 5000)> #<CLOSURE (LAMBDA NIL :IN HUNCHENTOOT:PROCESS-CONNECTION) {10058E42FB}>)
9: ((:METHOD HUNCHENTOOT:PROCESS-CONNECTION (HUNCHENTOOT:ACCEPTOR T)) #<HUNCHENTOOT:EASY-ACCEPTOR (host *, port 5000)> #<USOCKET:STREAM-USOCKET {1002F4FEE3}>) [fast-method]
10: ((:METHOD HUNCHENTOOT:PROCESS-CONNECTION :AROUND (HUNCHENTOOT:ACCEPTOR T)) #<HUNCHENTOOT:EASY-ACCEPTOR (host *, port 5000)> #<USOCKET:STREAM-USOCKET {1002F4FEE3}>) [fast-method]
11: ((FLET HUNCHENTOOT::PROCESS-CONNECTION% :IN HUNCHENTOOT::HANDLE-INCOMING-CONNECTION%) #<HUNCHENTOOT:EASY-ACCEPTOR (host *, port 5000)> #<USOCKET:STREAM-USOCKET {1002F4FEE3}>)
12: ((LAMBDA NIL :IN BORDEAUX-THREADS::BINDING-DEFAULT-SPECIALS))
13: ((FLET #:WITHOUT-INTERRUPTS-BODY-1226 :IN SB-THREAD::INITIAL-THREAD-FUNCTION-TRAMPOLINE))
14: ((FLET SB-THREAD::WITH-MUTEX-THUNK :IN SB-THREAD::INITIAL-THREAD-FUNCTION-TRAMPOLINE))
15: ((FLET #:WITHOUT-INTERRUPTS-BODY-660 :IN SB-THREAD::CALL-WITH-MUTEX))
16: (SB-THREAD::CALL-WITH-MUTEX #<CLOSURE (FLET SB-THREAD::WITH-MUTEX-THUNK :IN SB-THREAD::INITIAL-THREAD-FUNCTION-TRAMPOLINE) {7FFFF5B56C9B}> #<SB-THREAD:MUTEX "thread result lock" owner: #<SB-THREAD:THREAD "hunchentoot-worker-127.0.0.1:60982" RUNNING {1005889063}>> NIL T NIL)
17: (SB-THREAD::INITIAL-THREAD-FUNCTION-TRAMPOLINE #<SB-THREAD:THREAD "hunchentoot-worker-127.0.0.1:60982" RUNNING {1005889063}> #S(SB-THREAD:SEMAPHORE :NAME "Thread setup semaphore" :%COUNT 0 :WAITCOUNT 0 :MUTEX #<SB-THREAD:MUTEX (free) {10058890D3}> :QUEUE #<SB-THREAD:WAITQUEUE  {1005889103}>) #<CLOSURE (LAMBDA NIL :IN BORDEAUX-THREADS::BINDING-DEFAULT-SPECIALS) {1005888FEB}> NIL NIL NIL NIL)
18: ("foreign function: call_into_lisp")
19: ("foreign function: new_thread_trampoline")

[2015-09-23 11:02:46 [WARNING]] Warning while processing connection: New template printer for #P"tmpl/head.tmpl" created
[2015-09-23 11:02:46 [WARNING]] Warning while processing connection: New template printer for #P"tmpl/foot.tmpl" created
[2015-09-23 11:02:46 [WARNING]] Warning while processing connection: New template printer for #P"tmpl/customer.tmpl" created
[2015-09-23 11:03:05 [WARNING]] Warning while processing connection: New template printer for #P"tmpl/head.tmpl" created
[2015-09-23 11:03:05 [WARNING]] Warning while processing connection: New template printer for #P"tmpl/foot.tmpl" created
[2015-09-23 11:03:05 [WARNING]] Warning while processing connection: New template printer for #P"tmpl/customer.tmpl" created
[2015-09-23 11:03:10 [WARNING]] Warning while processing connection: New template printer for #P"tmpl/head.tmpl" created
[2015-09-23 11:03:10 [WARNING]] Warning while processing connection: New template printer for #P"tmpl/foot.tmpl" created
[2015-09-23 11:03:10 [WARNING]] Warning while processing connection: New template printer for #P"tmpl/customer.tmpl" created
[2015-09-23 11:03:13 [WARNING]] Warning while processing connection: New template printer for #P"tmpl/head.tmpl" created
[2015-09-23 11:03:13 [WARNING]] Warning while processing connection: New template printer for #P"tmpl/foot.tmpl" created
[2015-09-23 11:03:13 [WARNING]] Warning while processing connection: New template printer for #P"tmpl/customer.tmpl" created
[2015-09-23 11:05:47 [WARNING]] Warning while processing connection: New template printer for #P"tmpl/head.tmpl" created
[2015-09-23 11:05:47 [WARNING]] Warning while processing connection: New template printer for #P"tmpl/foot.tmpl" created
[2015-09-23 11:05:47 [WARNING]] Warning while processing connection: New template printer for #P"tmpl/customer.tmpl" created
[2015-09-23 11:47:25 [WARNING]] Warning while processing connection: New template printer for #P"tmpl/head.tmpl" created
[2015-09-23 11:47:25 [WARNING]] Warning while processing connection: New template printer for #P"tmpl/foot.tmpl" created
[2015-09-23 11:47:25 [WARNING]] Warning while processing connection: New template printer for #P"tmpl/customer.tmpl" created
[2015-09-23 11:47:25 [ERROR]] The value ALEXANDRIA.0.DEV:HASH-TABLE-KLIST
                              is not of type
                                LIST.
Backtrace for: #<SB-THREAD:THREAD "hunchentoot-worker-127.0.0.1:33103" RUNNING {1007E02613}>
0: (GETF ALEXANDRIA.0.DEV:HASH-TABLE-KLIST :CID) [optional]
1: ((LAMBDA (SYMBOL VALUES &OPTIONAL HTML-TEMPLATE::IN-LOOP-P) :IN "/home/vito/quicklisp/dists/quicklisp/software/html-template-0.9.2/specials.lisp") :CID ALEXANDRIA.0.DEV:HASH-TABLE-KLIST NIL)
2: ((LAMBDA (VALUES) :IN HTML-TEMPLATE::CREATE-VAR-PRINTER) ALEXANDRIA.0.DEV:HASH-TABLE-KLIST)
3: ((LAMBDA (VALUES) :IN HTML-TEMPLATE::CREATE-LOOP-PRINTER) (:CUSTOMER "fuck" :ROWS (ALEXANDRIA.0.DEV:HASH-TABLE-KLIST (UNCLE-JAY::DB-FIND-CUSTOMER))))
4: ((:METHOD HTML-TEMPLATE:FILL-AND-PRINT-TEMPLATE (PATHNAME T)) #P"tmpl/customer.tmpl" (:CUSTOMER "fuck" :ROWS (ALEXANDRIA.0.DEV:HASH-TABLE-KLIST (UNCLE-JAY::DB-FIND-CUSTOMER))) #<unavailable &REST argument> :STREAM #<unused argument>) [fast-method]
5: (UNCLE-JAY::CONTROLLER-CUSTOMER)
6: ((:METHOD HUNCHENTOOT:HANDLE-REQUEST (HUNCHENTOOT:ACCEPTOR HUNCHENTOOT:REQUEST)) #<HUNCHENTOOT:EASY-ACCEPTOR (host *, port 5000)> #<HUNCHENTOOT:REQUEST {100894CB53}>) [fast-method]
7: ((:METHOD HUNCHENTOOT:PROCESS-REQUEST (T)) #<HUNCHENTOOT:REQUEST {100894CB53}>) [fast-method]
8: (HUNCHENTOOT::DO-WITH-ACCEPTOR-REQUEST-COUNT-INCREMENTED #<HUNCHENTOOT:EASY-ACCEPTOR (host *, port 5000)> #<CLOSURE (LAMBDA NIL :IN HUNCHENTOOT:PROCESS-CONNECTION) {10087A009B}>)
9: ((:METHOD HUNCHENTOOT:PROCESS-CONNECTION (HUNCHENTOOT:ACCEPTOR T)) #<HUNCHENTOOT:EASY-ACCEPTOR (host *, port 5000)> #<USOCKET:STREAM-USOCKET {1007DFDFA3}>) [fast-method]
10: ((:METHOD HUNCHENTOOT:PROCESS-CONNECTION :AROUND (HUNCHENTOOT:ACCEPTOR T)) #<HUNCHENTOOT:EASY-ACCEPTOR (host *, port 5000)> #<USOCKET:STREAM-USOCKET {1007DFDFA3}>) [fast-method]
11: ((FLET HUNCHENTOOT::PROCESS-CONNECTION% :IN HUNCHENTOOT::HANDLE-INCOMING-CONNECTION%) #<HUNCHENTOOT:EASY-ACCEPTOR (host *, port 5000)> #<USOCKET:STREAM-USOCKET {1007DFDFA3}>)
12: ((LAMBDA NIL :IN BORDEAUX-THREADS::BINDING-DEFAULT-SPECIALS))
13: ((FLET #:WITHOUT-INTERRUPTS-BODY-1226 :IN SB-THREAD::INITIAL-THREAD-FUNCTION-TRAMPOLINE))
14: ((FLET SB-THREAD::WITH-MUTEX-THUNK :IN SB-THREAD::INITIAL-THREAD-FUNCTION-TRAMPOLINE))
15: ((FLET #:WITHOUT-INTERRUPTS-BODY-660 :IN SB-THREAD::CALL-WITH-MUTEX))
16: (SB-THREAD::CALL-WITH-MUTEX #<CLOSURE (FLET SB-THREAD::WITH-MUTEX-THUNK :IN SB-THREAD::INITIAL-THREAD-FUNCTION-TRAMPOLINE) {7FFFF5B56C9B}> #<SB-THREAD:MUTEX "thread result lock" owner: #<SB-THREAD:THREAD "hunchentoot-worker-127.0.0.1:33103" RUNNING {1007E02613}>> NIL T NIL)
17: (SB-THREAD::INITIAL-THREAD-FUNCTION-TRAMPOLINE #<SB-THREAD:THREAD "hunchentoot-worker-127.0.0.1:33103" RUNNING {1007E02613}> #S(SB-THREAD:SEMAPHORE :NAME "Thread setup semaphore" :%COUNT 0 :WAITCOUNT 0 :MUTEX #<SB-THREAD:MUTEX (free) {1007E02683}> :QUEUE #<SB-THREAD:WAITQUEUE  {1007E026B3}>) #<CLOSURE (LAMBDA NIL :IN BORDEAUX-THREADS::BINDING-DEFAULT-SPECIALS) {1007E0259B}> NIL NIL NIL NIL)
18: ("foreign function: call_into_lisp")
19: ("foreign function: new_thread_trampoline")

[2015-09-23 11:47:39 [WARNING]] Warning while processing connection: New template printer for #P"tmpl/head.tmpl" created
[2015-09-23 11:47:39 [WARNING]] Warning while processing connection: New template printer for #P"tmpl/foot.tmpl" created
[2015-09-23 11:47:39 [WARNING]] Warning while processing connection: New template printer for #P"tmpl/customer.tmpl" created
[2015-09-23 11:47:39 [ERROR]] The value <CL-MONGO:DOCUMENT> : { 
   _id : CL-MONGO::BSON-OID [#(239 228 177 34 124 80 76 44 158 75 2 213)]
   elements : 2}


                              is not of type
                                LIST.
Backtrace for: #<SB-THREAD:THREAD "hunchentoot-worker-127.0.0.1:33103" RUNNING {1007E02613}>
0: (GETF <CL-MONGO:DOCUMENT> : { 
   _id : CL-MONGO::BSON-OID [#(239 228 177 34 124 80 76 44 158 75 2 213)]
   elements : 2}

 :CID) [optional]
1: ((LAMBDA (SYMBOL VALUES &OPTIONAL HTML-TEMPLATE::IN-LOOP-P) :IN "/home/vito/quicklisp/dists/quicklisp/software/html-template-0.9.2/specials.lisp") :CID <CL-MONGO:DOCUMENT> : { 
   _id : CL-MONGO::BSON-OID [#(239 228 177 34 124 80 76 44 158 75 2 213)]
   elements : 2}

 NIL)
2: ((LAMBDA (VALUES) :IN HTML-TEMPLATE::CREATE-VAR-PRINTER) <CL-MONGO:DOCUMENT> : { 
   _id : CL-MONGO::BSON-OID [#(239 228 177 34 124 80 76 44 158 75 2 213)]
   elements : 2}

)
3: ((LAMBDA (VALUES) :IN HTML-TEMPLATE::CREATE-LOOP-PRINTER) (:CUSTOMER "fuck" :ROWS (<CL-MONGO:DOCUMENT> : { 
   _id : CL-MONGO::BSON-OID [#(239 228 177 34 124 80 76 44 158 75 2 213)]
   elements : 2}

 <CL-MONGO:DOCUMENT> : { 
   _id : CL-MONGO::BSON-OID [#(49 110 101 187 182 69 71 198 150 23 161 203)]
   elements : 2}

 <CL-MONGO:DOCUMENT> : { 
   _id : CL-MONGO::BSON-OID [#(100 47 225 123 165 35 72 83 174 86 25 230)]
   elements : 2}

)))
4: ((:METHOD HTML-TEMPLATE:FILL-AND-PRINT-TEMPLATE (PATHNAME T)) #P"tmpl/customer.tmpl" (:CUSTOMER "fuck" :ROWS (<CL-MONGO:DOCUMENT> : { 
   _id : CL-MONGO::BSON-OID [#(239 228 177 34 124 80 76 44 158 75 2 213)]
   elements : 2}

 <CL-MONGO:DOCUMENT> : { 
   _id : CL-MONGO::BSON-OID [#(49 110 101 187 182 69 71 198 150 23 161 203)]
   elements : 2}

 <CL-MONGO:DOCUMENT> : { 
   _id : CL-MONGO::BSON-OID [#(100 47 225 123 165 35 72 83 174 86 25 230)]
   elements : 2}

)) #<unavailable &REST argument> :STREAM #<unused argument>) [fast-method]
5: (UNCLE-JAY::CONTROLLER-CUSTOMER)
6: ((:METHOD HUNCHENTOOT:HANDLE-REQUEST (HUNCHENTOOT:ACCEPTOR HUNCHENTOOT:REQUEST)) #<HUNCHENTOOT:EASY-ACCEPTOR (host *, port 5000)> #<HUNCHENTOOT:REQUEST {1006BD2993}>) [fast-method]
7: ((:METHOD HUNCHENTOOT:PROCESS-REQUEST (T)) #<HUNCHENTOOT:REQUEST {1006BD2993}>) [fast-method]
8: (HUNCHENTOOT::DO-WITH-ACCEPTOR-REQUEST-COUNT-INCREMENTED #<HUNCHENTOOT:EASY-ACCEPTOR (host *, port 5000)> #<CLOSURE (LAMBDA NIL :IN HUNCHENTOOT:PROCESS-CONNECTION) {1006B1760B}>)
9: ((:METHOD HUNCHENTOOT:PROCESS-CONNECTION (HUNCHENTOOT:ACCEPTOR T)) #<HUNCHENTOOT:EASY-ACCEPTOR (host *, port 5000)> #<USOCKET:STREAM-USOCKET {1007DFDFA3}>) [fast-method]
10: ((:METHOD HUNCHENTOOT:PROCESS-CONNECTION :AROUND (HUNCHENTOOT:ACCEPTOR T)) #<HUNCHENTOOT:EASY-ACCEPTOR (host *, port 5000)> #<USOCKET:STREAM-USOCKET {1007DFDFA3}>) [fast-method]
11: ((FLET HUNCHENTOOT::PROCESS-CONNECTION% :IN HUNCHENTOOT::HANDLE-INCOMING-CONNECTION%) #<HUNCHENTOOT:EASY-ACCEPTOR (host *, port 5000)> #<USOCKET:STREAM-USOCKET {1007DFDFA3}>)
12: ((LAMBDA NIL :IN BORDEAUX-THREADS::BINDING-DEFAULT-SPECIALS))
13: ((FLET #:WITHOUT-INTERRUPTS-BODY-1226 :IN SB-THREAD::INITIAL-THREAD-FUNCTION-TRAMPOLINE))
14: ((FLET SB-THREAD::WITH-MUTEX-THUNK :IN SB-THREAD::INITIAL-THREAD-FUNCTION-TRAMPOLINE))
15: ((FLET #:WITHOUT-INTERRUPTS-BODY-660 :IN SB-THREAD::CALL-WITH-MUTEX))
16: (SB-THREAD::CALL-WITH-MUTEX #<CLOSURE (FLET SB-THREAD::WITH-MUTEX-THUNK :IN SB-THREAD::INITIAL-THREAD-FUNCTION-TRAMPOLINE) {7FFFF5B56C9B}> #<SB-THREAD:MUTEX "thread result lock" owner: #<SB-THREAD:THREAD "hunchentoot-worker-127.0.0.1:33103" RUNNING {1007E02613}>> NIL T NIL)
17: (SB-THREAD::INITIAL-THREAD-FUNCTION-TRAMPOLINE #<SB-THREAD:THREAD "hunchentoot-worker-127.0.0.1:33103" RUNNING {1007E02613}> #S(SB-THREAD:SEMAPHORE :NAME "Thread setup semaphore" :%COUNT 0 :WAITCOUNT 0 :MUTEX #<SB-THREAD:MUTEX (free) {1007E02683}> :QUEUE #<SB-THREAD:WAITQUEUE  {1007E026B3}>) #<CLOSURE (LAMBDA NIL :IN BORDEAUX-THREADS::BINDING-DEFAULT-SPECIALS) {1007E0259B}> NIL NIL NIL NIL)
18: ("foreign function: call_into_lisp")
19: ("foreign function: new_thread_trampoline")

[2015-09-23 11:48:31 [WARNING]] Warning while processing connection: New template printer for #P"tmpl/head.tmpl" created
[2015-09-23 11:48:31 [WARNING]] Warning while processing connection: New template printer for #P"tmpl/foot.tmpl" created
[2015-09-23 11:48:31 [WARNING]] Warning while processing connection: New template printer for #P"tmpl/customer.tmpl" created
[2015-09-23 11:50:15 [WARNING]] Warning while processing connection: New template printer for #P"tmpl/head.tmpl" created
[2015-09-23 11:50:15 [WARNING]] Warning while processing connection: New template printer for #P"tmpl/foot.tmpl" created
[2015-09-23 11:50:15 [WARNING]] Warning while processing connection: New template printer for #P"tmpl/customer.tmpl" created
[2015-09-23 11:50:55 [WARNING]] Warning while processing connection: New template printer for #P"tmpl/head.tmpl" created
[2015-09-23 11:50:55 [WARNING]] Warning while processing connection: New template printer for #P"tmpl/foot.tmpl" created
[2015-09-23 11:50:55 [WARNING]] Warning while processing connection: New template printer for #P"tmpl/customer.tmpl" created
[2015-09-23 11:53:13 [WARNING]] Warning while processing connection: New template printer for #P"tmpl/head.tmpl" created
[2015-09-23 11:53:13 [WARNING]] Warning while processing connection: New template printer for #P"tmpl/foot.tmpl" created
[2015-09-23 11:53:13 [WARNING]] Warning while processing connection: New template printer for #P"tmpl/customer.tmpl" created
[2015-09-23 11:53:18 [WARNING]] Warning while processing connection: New template printer for #P"tmpl/head.tmpl" created
[2015-09-23 11:53:18 [WARNING]] Warning while processing connection: New template printer for #P"tmpl/foot.tmpl" created
[2015-09-23 11:53:18 [WARNING]] Warning while processing connection: New template printer for #P"tmpl/customer.tmpl" created
[2015-09-23 11:54:30 [WARNING]] Warning while processing connection: New template printer for #P"tmpl/head.tmpl" created
[2015-09-23 11:54:30 [WARNING]] Warning while processing connection: New template printer for #P"tmpl/foot.tmpl" created
[2015-09-23 11:54:30 [WARNING]] Warning while processing connection: New template printer for #P"tmpl/customer.tmpl" created
[2015-09-23 11:56:11 [WARNING]] Warning while processing connection: New template printer for #P"tmpl/head.tmpl" created
[2015-09-23 11:56:11 [WARNING]] Warning while processing connection: New template printer for #P"tmpl/foot.tmpl" created
[2015-09-23 11:56:11 [WARNING]] Warning while processing connection: New template printer for #P"tmpl/customer.tmpl" created
[2015-09-23 11:56:34 [WARNING]] Warning while processing connection: New template printer for #P"tmpl/head.tmpl" created
[2015-09-23 11:56:34 [WARNING]] Warning while processing connection: New template printer for #P"tmpl/foot.tmpl" created
[2015-09-23 11:56:34 [WARNING]] Warning while processing connection: New template printer for #P"tmpl/customer.tmpl" created
[2015-09-23 11:57:33 [WARNING]] Warning while processing connection: New template printer for #P"tmpl/head.tmpl" created
[2015-09-23 11:57:33 [WARNING]] Warning while processing connection: New template printer for #P"tmpl/foot.tmpl" created
[2015-09-23 11:57:33 [WARNING]] Warning while processing connection: New template printer for #P"tmpl/customer.tmpl" created
[2015-09-23 11:58:11 [WARNING]] Warning while processing connection: New template printer for #P"tmpl/head.tmpl" created
[2015-09-23 11:58:11 [WARNING]] Warning while processing connection: New template printer for #P"tmpl/foot.tmpl" created
[2015-09-23 11:58:11 [WARNING]] Warning while processing connection: New template printer for #P"tmpl/customer.tmpl" created
[2015-09-23 11:58:18 [WARNING]] Warning while processing connection: New template printer for #P"tmpl/head.tmpl" created
[2015-09-23 11:58:18 [WARNING]] Warning while processing connection: New template printer for #P"tmpl/foot.tmpl" created
[2015-09-23 11:58:18 [WARNING]] Warning while processing connection: New template printer for #P"tmpl/customer.tmpl" created
[2015-09-23 11:59:47 [WARNING]] Warning while processing connection: New template printer for #P"tmpl/head.tmpl" created
[2015-09-23 11:59:47 [WARNING]] Warning while processing connection: New template printer for #P"tmpl/foot.tmpl" created
[2015-09-23 11:59:47 [WARNING]] Warning while processing connection: New template printer for #P"tmpl/customer.tmpl" created
[2015-09-23 11:59:51 [WARNING]] Warning while processing connection: New template printer for #P"tmpl/head.tmpl" created
[2015-09-23 11:59:51 [WARNING]] Warning while processing connection: New template printer for #P"tmpl/foot.tmpl" created
[2015-09-23 11:59:51 [WARNING]] Warning while processing connection: New template printer for #P"tmpl/customer.tmpl" created
[2015-09-23 12:00:06 [WARNING]] Warning while processing connection: New template printer for #P"tmpl/head.tmpl" created
[2015-09-23 12:00:06 [WARNING]] Warning while processing connection: New template printer for #P"tmpl/foot.tmpl" created
[2015-09-23 12:00:06 [WARNING]] Warning while processing connection: New template printer for #P"tmpl/customer.tmpl" created
[2015-09-23 12:02:05 [WARNING]] Warning while processing connection: New template printer for #P"tmpl/head.tmpl" created
[2015-09-23 12:02:05 [WARNING]] Warning while processing connection: New template printer for #P"tmpl/foot.tmpl" created
[2015-09-23 12:02:05 [WARNING]] Warning while processing connection: New template printer for #P"tmpl/customer.tmpl" created
[2015-09-23 12:03:09 [WARNING]] Warning while processing connection: New template printer for #P"tmpl/head.tmpl" created
[2015-09-23 12:03:09 [WARNING]] Warning while processing connection: New template printer for #P"tmpl/foot.tmpl" created
[2015-09-23 12:03:09 [WARNING]] Warning while processing connection: New template printer for #P"tmpl/customer.tmpl" created
[2015-09-23 12:03:40 [WARNING]] Warning while processing connection: New template printer for #P"tmpl/head.tmpl" created
[2015-09-23 12:03:40 [WARNING]] Warning while processing connection: New template printer for #P"tmpl/foot.tmpl" created
[2015-09-23 12:03:40 [WARNING]] Warning while processing connection: New template printer for #P"tmpl/customer.tmpl" created
